<?xml version="1.0" encoding="UTF-8"?>
<testsuite xmlns:xsi="http://www.w3.org/2001/XMLSchema-instance" xsi:noNamespaceSchemaLocation="https://maven.apache.org/surefire/maven-surefire-plugin/xsd/surefire-test-report-3.0.xsd" version="3.0" name="org.henry.bankingsystem.OnlineBankingSystemTests" time="6.418" tests="1" errors="0" skipped="0" failures="0">
  <properties>
[...]
</properties>
  <testcase name="contextLoads" classname="org.henry.bankingsystem.OnlineBankingSystemTests" time="0.49">
    <system-out><![CDATA[14:42:49.961 [main] INFO org.springframework.test.context.support.AnnotationConfigContextLoaderUtils -- Could not detect default configuration classes for test class [org.henry.bankingsystem.OnlineBankingSystemTests]: OnlineBankingSystemTests does not declare any static, non-private, non-final, nested classes annotated with @Configuration.
14:42:50.075 [main] INFO org.springframework.boot.test.context.SpringBootTestContextBootstrapper -- Found @SpringBootConfiguration org.henry.bankingsystem.OnlineBankingSystem for test class org.henry.bankingsystem.OnlineBankingSystemTests

  .   ____          _            __ _ _
 /\\ / ___'_ __ _ _(_)_ __  __ _ \ \ \ \
( ( )\___ | '_ | '_| | '_ \/ _` | \ \ \ \
 \\/  ___)| |_)| | | | | || (_| |  ) ) ) )
  '  |____| .__|_| |_|_| |_\__, | / / / /
 =========|_|==============|___/=/_/_/_/
 :: Spring Boot ::                (v3.2.4)

2024-09-11T14:42:50.519+01:00  INFO 57290 --- [OnlineBankingSystemP] [           main] o.h.b.OnlineBankingSystemTests           : Starting OnlineBankingSystemTests using Java 21 with PID 57290 (started by henry in /Users/henry/Developer/GitHub/Online-BankingSystem)
2024-09-11T14:42:50.520+01:00  INFO 57290 --- [OnlineBankingSystemP] [           main] o.h.b.OnlineBankingSystemTests           : No active profile set, falling back to 1 default profile: "default"
2024-09-11T14:42:51.260+01:00  INFO 57290 --- [OnlineBankingSystemP] [           main] .s.d.r.c.RepositoryConfigurationDelegate : Bootstrapping Spring Data JPA repositories in DEFAULT mode.
2024-09-11T14:42:51.357+01:00  INFO 57290 --- [OnlineBankingSystemP] [           main] .s.d.r.c.RepositoryConfigurationDelegate : Finished Spring Data repository scanning in 89 ms. Found 7 JPA repository interfaces.
2024-09-11T14:42:51.891+01:00  INFO 57290 --- [OnlineBankingSystemP] [           main] o.hibernate.jpa.internal.util.LogHelper  : HHH000204: Processing PersistenceUnitInfo [name: default]
2024-09-11T14:42:51.945+01:00  INFO 57290 --- [OnlineBankingSystemP] [           main] org.hibernate.Version                    : HHH000412: Hibernate ORM core version 6.4.4.Final
2024-09-11T14:42:51.976+01:00  INFO 57290 --- [OnlineBankingSystemP] [           main] o.h.c.internal.RegionFactoryInitiator    : HHH000026: Second-level cache disabled
2024-09-11T14:42:52.263+01:00  INFO 57290 --- [OnlineBankingSystemP] [           main] o.s.o.j.p.SpringPersistenceUnitInfo      : No LoadTimeWeaver setup: ignoring JPA class transformer
2024-09-11T14:42:52.301+01:00  INFO 57290 --- [OnlineBankingSystemP] [           main] com.zaxxer.hikari.HikariDataSource       : HikariPool-1 - Starting...
2024-09-11T14:42:52.547+01:00  INFO 57290 --- [OnlineBankingSystemP] [           main] com.zaxxer.hikari.pool.HikariPool        : HikariPool-1 - Added connection conn0: url=jdbc:h2:mem:onlinebank user=SA
2024-09-11T14:42:52.549+01:00  INFO 57290 --- [OnlineBankingSystemP] [           main] com.zaxxer.hikari.HikariDataSource       : HikariPool-1 - Start completed.
2024-09-11T14:42:53.790+01:00  INFO 57290 --- [OnlineBankingSystemP] [           main] o.h.e.t.j.p.i.JtaPlatformInitiator       : HHH000489: No JTA platform available (set 'hibernate.transaction.jta.platform' to enable JTA platform integration)
Hibernate: create table accounts (account_id bigint generated by default as identity, account_balance numeric(38,2) not null, account_holder_name varchar(255) not null, account_number varchar(255) not null, account_type varchar(255) not null check (account_type in ('SAVINGS','CHECKING','FIXED_DEPOSIT','CURRENT')), currency_type varchar(255) not null check (currency_type in ('NGN','USD','EUR')), date_opened timestamp(6) with time zone not null, hashed_pin varchar(255) not null, interest_rate numeric(38,2), is_active boolean not null, last_transaction_date timestamp(6), transaction_limit numeric(38,2) not null, customer_id varchar(255) not null, primary key (account_id))
Hibernate: create table admins (admin_id varchar(255) not null, email varchar(255) not null, first_name varchar(255), last_name varchar(255), password varchar(60) not null, role varchar(255) check (role in ('IT_SUPPORT','CUSTOMER_SUPPORT','BANK_MANAGER','QA_TEAM')), username varchar(255), primary key (admin_id))
Hibernate: create table auth_token (id bigint generated by default as identity, access_token varchar(500) not null, expired boolean not null, refresh_token varchar(500) not null, revoked boolean not null, admin_id varchar(255), customer_id varchar(255), primary key (id))
Hibernate: create table cards (card_id bigint generated by default as identity, card_number varchar(255) not null, card_type varchar(255) not null check (card_type in ('DEBIT','CREDIT','PREPAID','VIRTUAL')), cvv varchar(255) not null, expiration_date timestamp(6) not null, is_active boolean not null, version bigint, account_id bigint not null, customer_id varchar(255) not null, primary key (card_id))
Hibernate: create table customers (customer_id varchar(255) not null, email varchar(255) not null, first_name varchar(255) not null, is_enabled boolean not null, is_suspended boolean not null, last_name varchar(255) not null, password varchar(60) not null, phone_number varchar(255) not null, username varchar(255) not null, primary key (customer_id))
Hibernate: create table one_time_password (id bigint generated by default as identity, expiration_time timestamp(6) with time zone not null, expires_duration varchar(255) not null, generated_time timestamp(6) with time zone not null, otp_code varchar(255) not null, verified boolean not null, customer_id varchar(255) not null, primary key (id))
Hibernate: create table transactions (transaction_id bigint generated by default as identity, amount numeric(38,2) not null, balance_after_transaction numeric(38,2) not null, balance_before_transaction numeric(38,2) not null, target_account_number varchar(255) not null, transaction_category varchar(255) not null check (transaction_category in ('DEBIT','CREDIT')), transaction_date varchar(255) not null, transaction_ref varchar(255) not null, transaction_type varchar(255) not null check (transaction_type in ('DEPOSIT','WITHDRAWAL','TRANSFER')), account_id bigint not null, user_id varchar(255) not null, primary key (transaction_id))
Hibernate: create table virtual_account (v_account_id varchar(255) not null, account_holder_name varchar(255) not null, account_number varchar(255) not null, account_reference varchar(255) not null, account_status varchar(255) not null, balance float(53) not null, bank_code varchar(255) not null, bank_name varchar(255) not null, created_at timestamp(6) with time zone not null, currency varchar(255) not null, unique_id varchar(255), customer_id varchar(255) not null, primary key (v_account_id))
Hibernate: alter table if exists accounts drop constraint if exists UK_6kplolsdtr3slnvx97xsy2kc8
Hibernate: alter table if exists accounts add constraint UK_6kplolsdtr3slnvx97xsy2kc8 unique (account_number)
Hibernate: alter table if exists admins drop constraint if exists UK_47bvqemyk6vlm0w7crc3opdd4
Hibernate: alter table if exists admins add constraint UK_47bvqemyk6vlm0w7crc3opdd4 unique (email)
Hibernate: alter table if exists auth_token drop constraint if exists UK_n6fv09x06ejsaowaqxkoiqayb
Hibernate: alter table if exists auth_token add constraint UK_n6fv09x06ejsaowaqxkoiqayb unique (access_token)
Hibernate: alter table if exists auth_token drop constraint if exists UK_4ykcglo3adb5kma4wjp2xsox8
Hibernate: alter table if exists auth_token add constraint UK_4ykcglo3adb5kma4wjp2xsox8 unique (refresh_token)
Hibernate: alter table if exists cards drop constraint if exists UK_qualp9iflk959u561wanavuj1
Hibernate: alter table if exists cards add constraint UK_qualp9iflk959u561wanavuj1 unique (card_number)
Hibernate: alter table if exists cards drop constraint if exists UK_e6a00sk447k3egsipmaao5kos
Hibernate: alter table if exists cards add constraint UK_e6a00sk447k3egsipmaao5kos unique (cvv)
Hibernate: alter table if exists customers drop constraint if exists UK_rfbvkrffamfql7cjmen8v976v
Hibernate: alter table if exists customers add constraint UK_rfbvkrffamfql7cjmen8v976v unique (email)
Hibernate: alter table if exists customers drop constraint if exists UK_6v6x92wb400iwh6unf5rwiim4
Hibernate: alter table if exists customers add constraint UK_6v6x92wb400iwh6unf5rwiim4 unique (phone_number)
Hibernate: alter table if exists customers drop constraint if exists UK_bepynu3b6l8k2ppuq6b33xfxc
Hibernate: alter table if exists customers add constraint UK_bepynu3b6l8k2ppuq6b33xfxc unique (username)
Hibernate: alter table if exists transactions drop constraint if exists UK_7ii4hpkuc8h5sccqt5wfky4na
Hibernate: alter table if exists transactions add constraint UK_7ii4hpkuc8h5sccqt5wfky4na unique (transaction_ref)
Hibernate: alter table if exists virtual_account drop constraint if exists UK_ea0ue8rgvqitgdwp5s2e5bkxi
Hibernate: alter table if exists virtual_account add constraint UK_ea0ue8rgvqitgdwp5s2e5bkxi unique (account_number)
Hibernate: alter table if exists accounts add constraint FKn6x8pdp50os8bq5rbb792upse foreign key (customer_id) references customers
Hibernate: alter table if exists auth_token add constraint FKgmwqc3h8xkmci5ucy6xhgy134 foreign key (admin_id) references admins
Hibernate: alter table if exists auth_token add constraint FKrhon4u9blh59bih3dcqdrgkuy foreign key (customer_id) references customers
Hibernate: alter table if exists cards add constraint FKdjw7dinkpc0f01yk4m57uq2u2 foreign key (account_id) references accounts
Hibernate: alter table if exists cards add constraint FK3ta7cnyyuv26sr3j2sxrr10bu foreign key (customer_id) references customers
Hibernate: alter table if exists one_time_password add constraint FKht0yinsrrsuc7ewna0ig8uk7p foreign key (customer_id) references customers
Hibernate: alter table if exists transactions add constraint FK20w7wsg13u9srbq3bd7chfxdh foreign key (account_id) references accounts
Hibernate: alter table if exists transactions add constraint FKqhc7t1s4lbgckne9w45tyiqb2 foreign key (user_id) references customers
Hibernate: alter table if exists virtual_account add constraint FKayan0ga5jtnx7a7je51w42v3h foreign key (customer_id) references customers
2024-09-11T14:42:53.888+01:00  INFO 57290 --- [OnlineBankingSystemP] [           main] j.LocalContainerEntityManagerFactoryBean : Initialized JPA EntityManagerFactory for persistence unit 'default'
2024-09-11T14:42:54.325+01:00  INFO 57290 --- [OnlineBankingSystemP] [           main] o.s.d.j.r.query.QueryEnhancerFactory     : Hibernate is in classpath; If applicable, HQL parser will be used.
2024-09-11T14:42:54.827+01:00  WARN 57290 --- [OnlineBankingSystemP] [           main] JpaBaseConfiguration$JpaWebConfiguration : spring.jpa.open-in-view is enabled by default. Therefore, database queries may be performed during view rendering. Explicitly configure spring.jpa.open-in-view to disable this warning
2024-09-11T14:42:55.414+01:00  INFO 57290 --- [OnlineBankingSystemP] [           main] o.s.s.web.DefaultSecurityFilterChain     : Will secure any request with [org.springframework.security.web.session.DisableEncodeUrlFilter@4c9bf90b, org.springframework.security.web.context.request.async.WebAsyncManagerIntegrationFilter@13485e82, org.springframework.security.web.context.SecurityContextHolderFilter@70921720, org.springframework.security.web.header.HeaderWriterFilter@50ea4eaa, org.springframework.web.filter.CorsFilter@336c4e3a, org.springframework.security.web.authentication.logout.LogoutFilter@c822a3, org.henry.bankingsystem.config.JwtSecurityFilter@3b3fa4c0, org.springframework.security.web.savedrequest.RequestCacheAwareFilter@74d242b5, org.springframework.security.web.servletapi.SecurityContextHolderAwareRequestFilter@5b60accd, org.springframework.security.web.authentication.AnonymousAuthenticationFilter@205c0b1a, org.springframework.security.web.session.SessionManagementFilter@32be0ebd, org.springframework.security.web.access.ExceptionTranslationFilter@61f26cba, org.springframework.security.web.access.intercept.AuthorizationFilter@11763e57]
2024-09-11T14:42:55.635+01:00  INFO 57290 --- [OnlineBankingSystemP] [           main] o.s.b.a.h2.H2ConsoleAutoConfiguration    : H2 console available at '/h2-console'. Database available at 'jdbc:h2:mem:onlinebank'
2024-09-11T14:42:55.702+01:00  INFO 57290 --- [OnlineBankingSystemP] [           main] o.h.b.OnlineBankingSystemTests           : Started OnlineBankingSystemTests in 5.503 seconds (process running for 6.439)
]]></system-out>
    <system-err><![CDATA[WARNING: A Java agent has been loaded dynamically (/Users/henry/.m2/repository/net/bytebuddy/byte-buddy-agent/1.14.12/byte-buddy-agent-1.14.12.jar)
WARNING: If a serviceability tool is in use, please run with -XX:+EnableDynamicAgentLoading to hide this warning
WARNING: If a serviceability tool is not in use, please run with -Djdk.instrument.traceUsage for more information
WARNING: Dynamic loading of agents will be disallowed by default in a future release
]]></system-err>
  </testcase>
</testsuite>